core/ui/build/intermediates/manifest_merge_blame_file/debug/manifest-merger-blame-debug-report.txt
1<?xml version="1.0" encoding="utf-8"?>
2<manifest xmlns:android="http://schemas.android.com/apk/res/android"
3    package="uicomponents" >
4
5    <uses-sdk android:minSdkVersion="31" />
5-->ProcessLibraryManifest\debug\tempAndroidManifest14737573131780075791.xml
6
7</manifest>